<?xml version="1.0" encoding="UTF-8"?>
<!-- Generated by org.testng.reporters.JUnitReportReporter -->
<testsuite hostname="DESKTOP-M5TULUL" failures="0" tests="1" name="UITesting.Katalon.LoginTests" time="5.573" errors="0" timestamp="2023-08-15T13:01:31 IST" skipped="0">
  <testcase classname="UITesting.Katalon.LoginTests" name="ValidLogin" time="5.573"/>
</testsuite> <!-- UITesting.Katalon.LoginTests -->
