<?xml version="1.0" encoding="UTF-8"?>
<!-- Generated by org.testng.reporters.JUnitReportReporter -->
<testsuite hostname="DESKTOP-M5TULUL" failures="0" tests="2" name="UITesting.Katalon.LoginTests" time="7.911" errors="0" timestamp="2023-08-15T07:05:32 IST" skipped="0">
  <testcase classname="UITesting.Katalon.LoginTests" name="InvalidLogin" time="5.652"/>
  <testcase classname="UITesting.Katalon.LoginTests" name="ValidLogin" time="2.259"/>
</testsuite> <!-- UITesting.Katalon.LoginTests -->
